[2020-10-03T13:47:06.814] [DEBUG] spider - 已入库章节：第一章 穿了----1036
[2020-10-03T13:47:08.159] [DEBUG] spider - 已入库章节：第二章 倒霉的身份----1036
[2020-10-03T13:47:09.396] [DEBUG] spider - 已入库章节：第三章 醒了----1036
[2020-10-03T13:47:18.097] [DEBUG] spider - 已入库章节：第四章 空间农场----1036
[2020-10-03T13:47:19.365] [DEBUG] spider - 已入库章节：第五章 逆天作弊器----1036
[2020-10-03T13:47:27.458] [DEBUG] spider - 已入库章节：第六章 盘算----1036
[2020-10-03T13:47:28.698] [DEBUG] spider - 已入库章节：第七章 不是我的规定----1036
[2020-10-03T13:47:29.957] [DEBUG] spider - 已入库章节：第八章 安排----1036
[2020-10-03T13:47:31.227] [DEBUG] spider - 已入库章节：第九章 早晚有一天----1036
[2020-10-03T13:47:37.455] [DEBUG] spider - 已入库章节：第十章 希望----1036
[2020-10-03T13:47:43.779] [DEBUG] spider - 已入库章节：第十一章 安排----1036
[2020-10-03T13:47:45.080] [DEBUG] spider - 已入库章节：第十二章 摇头----1036
[2020-10-03T13:47:51.135] [DEBUG] spider - 已入库章节：第十三章 心境的变化----1036
[2020-10-03T13:47:52.365] [DEBUG] spider - 已入库章节：第十四章 内有乾坤----1036
[2020-10-03T13:47:53.670] [DEBUG] spider - 已入库章节：第十五章 升级----1036
[2020-10-03T13:47:59.962] [DEBUG] spider - 已入库章节：第十六章 比例----1036
[2020-10-03T13:48:07.911] [DEBUG] spider - 已入库章节：第十七章 疯子----1036
[2020-10-03T13:48:13.850] [DEBUG] spider - 已入库章节：第十八章 电到了----1036
[2020-10-03T13:48:19.832] [DEBUG] spider - 已入库章节：第十九章 选择作物----1036
[2020-10-03T13:48:25.579] [DEBUG] spider - 已入库章节：第二十章 试验----1036
[2020-10-03T13:48:31.339] [DEBUG] spider - 已入库章节：第二十一章 湖水的问题----1036
[2020-10-03T13:48:37.484] [DEBUG] spider - 已入库章节：第二十二章 成熟----1036
[2020-10-03T13:48:38.760] [DEBUG] spider - 已入库章节：第二十三章 坦白----1036
[2020-10-03T13:48:44.778] [DEBUG] spider - 已入库章节：第二十四章 好地方----1036
[2020-10-03T13:48:50.917] [DEBUG] spider - 已入库章节：第二十五章 变聪明了----1036
[2020-10-03T13:48:57.263] [DEBUG] spider - 已入库章节：第二十六章 新的危机----1036
[2020-10-03T13:49:03.052] [DEBUG] spider - 已入库章节：第二十七章 一天五千斤----1036
